-------------------------------------------------------------------------------
Test set: org.example.AuthorizationTest
-------------------------------------------------------------------------------
Tests run: 10, Failures: 0, Errors: 10, Skipped: 0, Time elapsed: 25.671 s <<< FAILURE! - in org.example.AuthorizationTest
signInBySignInButtonOnRegistrationPage(org.example.AuthorizationTest)  Time elapsed: 7.81 s  <<< ERROR!
org.openqa.selenium.remote.http.ConnectionFailedException: 
Unable to establish websocket connection to http://localhost:51385/devtools/browser/d096e2bd-b601-47b9-87d5-2603c14fbac5
Build info: version: '4.6.0', revision: '79f1c02ae20'
System info: os.name: 'Windows 11', os.arch: 'amd64', os.version: '10.0', java.version: '23'
Driver info: driver.version: SelenideDriver
selenide.url: https://stellarburgers.nomoreparties.site/
selenide.baseUrl: http://localhost:8080
	at org.example.AuthorizationTest.setUp(AuthorizationTest.java:29)

signInBySignInButtonOnRegistrationPage(org.example.AuthorizationTest)  Time elapsed: 7.812 s  <<< ERROR!
java.lang.IllegalStateException: No webdriver is bound to current thread: 1. You need to call open(url) first.
	at org.example.AuthorizationTest.tearDown(AuthorizationTest.java:38)

signInByPersonalAccountLink(org.example.AuthorizationTest)  Time elapsed: 4.363 s  <<< ERROR!
org.openqa.selenium.remote.http.ConnectionFailedException: 
Unable to establish websocket connection to http://localhost:51431/devtools/browser/c9c6425b-c819-4b8e-8da5-88df36d4c5d6
Build info: version: '4.6.0', revision: '79f1c02ae20'
System info: os.name: 'Windows 11', os.arch: 'amd64', os.version: '10.0', java.version: '23'
Driver info: driver.version: SelenideDriver
selenide.url: https://stellarburgers.nomoreparties.site/
selenide.baseUrl: http://localhost:8080
	at org.example.AuthorizationTest.setUp(AuthorizationTest.java:29)

signInByPersonalAccountLink(org.example.AuthorizationTest)  Time elapsed: 4.364 s  <<< ERROR!
java.lang.IllegalStateException: No webdriver is bound to current thread: 1. You need to call open(url) first.
	at org.example.AuthorizationTest.tearDown(AuthorizationTest.java:38)

signInBySignInButtonOnMainPage(org.example.AuthorizationTest)  Time elapsed: 4.137 s  <<< ERROR!
org.openqa.selenium.remote.http.ConnectionFailedException: 
Unable to establish websocket connection to http://localhost:51472/devtools/browser/d358067c-3923-41f3-bc98-530c2924d8f5
Build info: version: '4.6.0', revision: '79f1c02ae20'
System info: os.name: 'Windows 11', os.arch: 'amd64', os.version: '10.0', java.version: '23'
Driver info: driver.version: SelenideDriver
selenide.url: https://stellarburgers.nomoreparties.site/
selenide.baseUrl: http://localhost:8080
	at org.example.AuthorizationTest.setUp(AuthorizationTest.java:29)

signInBySignInButtonOnMainPage(org.example.AuthorizationTest)  Time elapsed: 4.137 s  <<< ERROR!
java.lang.IllegalStateException: No webdriver is bound to current thread: 1. You need to call open(url) first.
	at org.example.AuthorizationTest.tearDown(AuthorizationTest.java:38)

signInBySignInButtonOnPasswordRecoveryPage(org.example.AuthorizationTest)  Time elapsed: 4.546 s  <<< ERROR!
org.openqa.selenium.remote.http.ConnectionFailedException: 
Unable to establish websocket connection to http://localhost:51520/devtools/browser/863bc84f-3d60-4304-85d7-cabe16e304e3
Build info: version: '4.6.0', revision: '79f1c02ae20'
System info: os.name: 'Windows 11', os.arch: 'amd64', os.version: '10.0', java.version: '23'
Driver info: driver.version: SelenideDriver
selenide.url: https://stellarburgers.nomoreparties.site/
selenide.baseUrl: http://localhost:8080
	at org.example.AuthorizationTest.setUp(AuthorizationTest.java:29)

signInBySignInButtonOnPasswordRecoveryPage(org.example.AuthorizationTest)  Time elapsed: 4.547 s  <<< ERROR!
java.lang.IllegalStateException: No webdriver is bound to current thread: 1. You need to call open(url) first.
	at org.example.AuthorizationTest.tearDown(AuthorizationTest.java:38)

signOut(org.example.AuthorizationTest)  Time elapsed: 4.602 s  <<< ERROR!
org.openqa.selenium.remote.http.ConnectionFailedException: 
Unable to establish websocket connection to http://localhost:51580/devtools/browser/cea85c89-9fcc-475d-9b59-cfb4cd36f0cf
Build info: version: '4.6.0', revision: '79f1c02ae20'
System info: os.name: 'Windows 11', os.arch: 'amd64', os.version: '10.0', java.version: '23'
Driver info: driver.version: SelenideDriver
selenide.url: https://stellarburgers.nomoreparties.site/
selenide.baseUrl: http://localhost:8080
	at org.example.AuthorizationTest.setUp(AuthorizationTest.java:29)

signOut(org.example.AuthorizationTest)  Time elapsed: 4.604 s  <<< ERROR!
java.lang.IllegalStateException: No webdriver is bound to current thread: 1. You need to call open(url) first.
	at org.example.AuthorizationTest.tearDown(AuthorizationTest.java:38)

